<?xml version="1.0" encoding="utf-8"?><testsuites><testsuite name="pytest" errors="0" failures="0" skipped="0" tests="4" time="14.917" timestamp="2024-10-14T18:03:37.800690+02:00" hostname="TheBeast"><testcase classname="tests.test_e2e.TestOne" name="test_e2e" time="9.892" /><testcase classname="tests.test_home_page.TestHomePage" name="test_form_submission[get_home_page_data0]" time="3.845" /><testcase classname="tests.test_home_page.TestHomePage" name="test_form_submission[get_home_page_data1]" time="0.551" /><testcase classname="tests.test_home_page.TestHomePage" name="test_form_submission[get_home_page_data2]" time="0.586" /></testsuite></testsuites>